<?xml version="1.0" encoding="utf-8"?>
<coverage line-rate="0.5663" branch-rate="0.4496" version="1.9" timestamp="1761756925" lines-covered="666" lines-valid="1176" branches-covered="67" branches-valid="149">
  <sources>
    <source>C:\Fabio\Interviews\Constellation\CarAuction\src\</source>
  </sources>
  <packages>
    <package name="CarAuction.Application" line-rate="0.4635" branch-rate="0.4476" complexity="126">
      <classes>
        <class name="CarAuction.Application.Services.AuctionService" filename="CarAuction.Application\Services\AuctionService.cs" line-rate="1" branch-rate="1" complexity="7">
          <methods>
            <method name="CheckIfAuctionRegionIsPartitionedAndIfAuctionRegionIsDifferentOfCurrentBidRegion" signature="(System.Boolean,CarAuction.Domain.Models.Region,CarAuction.Domain.Models.Region)" line-rate="1" branch-rate="1" complexity="2">
              <lines>
                <line number="311" hits="1441" branch="True" condition-coverage="100% (2/2)">
                  <conditions>
                    <condition number="1" type="jump" coverage="100%" />
                  </conditions>
                </line>
              </lines>
            </method>
            <method name="CheckIfAuctionRegionIsPartitionedAndIfAuctionRegionIsEqualsOfCurrentBidRegion" signature="(System.Boolean,CarAuction.Domain.Models.Region,CarAuction.Domain.Models.Region)" line-rate="1" branch-rate="1" complexity="2">
              <lines>
                <line number="317" hits="1438" branch="True" condition-coverage="100% (2/2)">
                  <conditions>
                    <condition number="1" type="jump" coverage="100%" />
                  </conditions>
                </line>
              </lines>
            </method>
            <method name="CheckIfAuctionIsHasToBeEnded" signature="(CarAuction.Domain.Models.Auctions.Auction)" line-rate="1" branch-rate="1" complexity="1">
              <lines>
                <line number="422" hits="1443" branch="False" />
                <line number="424" hits="1443" branch="False" />
                <line number="425" hits="1443" branch="False" />
              </lines>
            </method>
            <method name="BuildBidResult" signature="(System.Boolean,System.String,CarAuction.Domain.Models.Bids.Bid)" line-rate="1" branch-rate="1" complexity="1">
              <lines>
                <line number="427" hits="1441" branch="False" />
                <line number="428" hits="1441" branch="False" />
                <line number="429" hits="1441" branch="False" />
                <line number="430" hits="1441" branch="False" />
                <line number="431" hits="1441" branch="False" />
                <line number="432" hits="1441" branch="False" />
              </lines>
            </method>
            <method name=".ctor" signature="(CarAuction.Domain.Abstractions.Repositories.IAuctionRepository,CarAuction.Domain.Abstractions.Repositories.IBidRepository,CarAuction.Domain.Abstractions.IBidOrderingService,CarAuction.Domain.Abstractions.IRegionCoordinator,CarAuction.Domain.Abstractions.IConflictResolver,CarAuction.Domain.Abstractions.IPartitionSimulator)" line-rate="1" branch-rate="1" complexity="1">
              <lines>
                <line number="21" hits="10" branch="False" />
                <line number="22" hits="10" branch="False" />
                <line number="23" hits="10" branch="False" />
                <line number="24" hits="10" branch="False" />
                <line number="25" hits="10" branch="False" />
                <line number="26" hits="10" branch="False" />
                <line number="27" hits="10" branch="False" />
                <line number="28" hits="10" branch="False" />
                <line number="29" hits="10" branch="False" />
                <line number="30" hits="10" branch="False" />
                <line number="31" hits="10" branch="False" />
                <line number="32" hits="10" branch="False" />
                <line number="33" hits="10" branch="False" />
                <line number="34" hits="10" branch="False" />
                <line number="36" hits="10" branch="False" />
                <line number="37" hits="10" branch="False" />
                <line number="38" hits="10" branch="False" />
              </lines>
            </method>
          </methods>
          <lines>
            <line number="311" hits="1441" branch="True" condition-coverage="100% (2/2)">
              <conditions>
                <condition number="1" type="jump" coverage="100%" />
              </conditions>
            </line>
            <line number="317" hits="1438" branch="True" condition-coverage="100% (2/2)">
              <conditions>
                <condition number="1" type="jump" coverage="100%" />
              </conditions>
            </line>
            <line number="422" hits="1443" branch="False" />
            <line number="424" hits="1443" branch="False" />
            <line number="425" hits="1443" branch="False" />
            <line number="427" hits="1441" branch="False" />
            <line number="428" hits="1441" branch="False" />
            <line number="429" hits="1441" branch="False" />
            <line number="430" hits="1441" branch="False" />
            <line number="431" hits="1441" branch="False" />
            <line number="432" hits="1441" branch="False" />
            <line number="21" hits="10" branch="False" />
            <line number="22" hits="10" branch="False" />
            <line number="23" hits="10" branch="False" />
            <line number="24" hits="10" branch="False" />
            <line number="25" hits="10" branch="False" />
            <line number="26" hits="10" branch="False" />
            <line number="27" hits="10" branch="False" />
            <line number="28" hits="10" branch="False" />
            <line number="29" hits="10" branch="False" />
            <line number="30" hits="10" branch="False" />
            <line number="31" hits="10" branch="False" />
            <line number="32" hits="10" branch="False" />
            <line number="33" hits="10" branch="False" />
            <line number="34" hits="10" branch="False" />
            <line number="36" hits="10" branch="False" />
            <line number="37" hits="10" branch="False" />
            <line number="38" hits="10" branch="False" />
          </lines>
        </class>
        <class name="CarAuction.Application.Services.AuctionService/&lt;&gt;c" filename="CarAuction.Application\Services\AuctionService.cs" line-rate="1" branch-rate="1" complexity="3">
          <methods>
            <method name="&lt;ReconcileAuctionAsync&gt;b__10_1" signature="(CarAuction.Domain.Models.Bids.Bid)" line-rate="1" branch-rate="1" complexity="1">
              <lines>
                <line number="197" hits="5" branch="False" />
              </lines>
            </method>
            <method name="&lt;ReconcileAuctionAsync&gt;b__10_2" signature="(CarAuction.Domain.Models.Bids.Bid)" line-rate="1" branch-rate="1" complexity="1">
              <lines>
                <line number="198" hits="5" branch="False" />
              </lines>
            </method>
            <method name="&lt;ReconcileAuctionAsync&gt;b__10_4" signature="(CarAuction.Domain.Models.Bids.Bid)" line-rate="1" branch-rate="1" complexity="1">
              <lines>
                <line number="209" hits="8" branch="False" />
              </lines>
            </method>
          </methods>
          <lines>
            <line number="197" hits="5" branch="False" />
            <line number="198" hits="5" branch="False" />
            <line number="209" hits="8" branch="False" />
          </lines>
        </class>
        <class name="CarAuction.Application.Services.AuctionService/&lt;&gt;c__DisplayClass10_0" filename="CarAuction.Application\Services\AuctionService.cs" line-rate="1" branch-rate="1" complexity="1">
          <methods>
            <method name="&lt;ReconcileAuctionAsync&gt;b__0" signature="(CarAuction.Domain.Models.Bids.Bid)" line-rate="1" branch-rate="1" complexity="1">
              <lines>
                <line number="192" hits="9" branch="False" />
              </lines>
            </method>
          </methods>
          <lines>
            <line number="192" hits="9" branch="False" />
          </lines>
        </class>
        <class name="CarAuction.Application.Services.AuctionService/&lt;&gt;c__DisplayClass11_0/&lt;&lt;EnsuringTheAuctionRegionInWorkingWell&gt;b__0&gt;d" filename="CarAuction.Application\Services\AuctionService.cs" line-rate="0.6" branch-rate="0.5" complexity="4">
          <methods>
            <method name="MoveNext" signature="()" line-rate="0.6" branch-rate="0.5" complexity="4">
              <lines>
                <line number="260" hits="1437" branch="False" />
                <line number="262" hits="1437" branch="False" />
                <line number="264" hits="1437" branch="False" />
                <line number="267" hits="1437" branch="False" />
                <line number="270" hits="1437" branch="True" condition-coverage="50% (1/2)">
                  <conditions>
                    <condition number="450" type="jump" coverage="50%" />
                  </conditions>
                </line>
                <line number="271" hits="0" branch="False" />
                <line number="272" hits="0" branch="False" />
                <line number="275" hits="0" branch="False" />
                <line number="277" hits="0" branch="False" />
                <line number="281" hits="1437" branch="False" />
                <line number="284" hits="1437" branch="True" condition-coverage="50% (1/2)">
                  <conditions>
                    <condition number="669" type="jump" coverage="50%" />
                  </conditions>
                </line>
                <line number="285" hits="0" branch="False" />
                <line number="286" hits="0" branch="False" />
                <line number="289" hits="0" branch="False" />
                <line number="291" hits="0" branch="False" />
                <line number="295" hits="1437" branch="False" />
                <line number="298" hits="1437" branch="False" />
                <line number="301" hits="1437" branch="False" />
                <line number="303" hits="1437" branch="False" />
                <line number="304" hits="2874" branch="False" />
              </lines>
            </method>
          </methods>
          <lines>
            <line number="260" hits="1437" branch="False" />
            <line number="262" hits="1437" branch="False" />
            <line number="264" hits="1437" branch="False" />
            <line number="267" hits="1437" branch="False" />
            <line number="270" hits="1437" branch="True" condition-coverage="50% (1/2)">
              <conditions>
                <condition number="450" type="jump" coverage="50%" />
              </conditions>
            </line>
            <line number="271" hits="0" branch="False" />
            <line number="272" hits="0" branch="False" />
            <line number="275" hits="0" branch="False" />
            <line number="277" hits="0" branch="False" />
            <line number="281" hits="1437" branch="False" />
            <line number="284" hits="1437" branch="True" condition-coverage="50% (1/2)">
              <conditions>
                <condition number="669" type="jump" coverage="50%" />
              </conditions>
            </line>
            <line number="285" hits="0" branch="False" />
            <line number="286" hits="0" branch="False" />
            <line number="289" hits="0" branch="False" />
            <line number="291" hits="0" branch="False" />
            <line number="295" hits="1437" branch="False" />
            <line number="298" hits="1437" branch="False" />
            <line number="301" hits="1437" branch="False" />
            <line number="303" hits="1437" branch="False" />
            <line number="304" hits="2874" branch="False" />
          </lines>
        </class>
        <class name="CarAuction.Application.Services.AuctionService/&lt;CreateAuctionAsync&gt;d__7" filename="CarAuction.Application\Services\AuctionService.cs" line-rate="0.7777" branch-rate="1" complexity="1">
          <methods>
            <method name="MoveNext" signature="()" line-rate="0.7777" branch-rate="1" complexity="1">
              <lines>
                <line number="41" hits="1018" branch="False" />
                <line number="43" hits="1018" branch="False" />
                <line number="44" hits="1018" branch="False" />
                <line number="45" hits="1018" branch="False" />
                <line number="46" hits="1018" branch="False" />
                <line number="47" hits="1018" branch="False" />
                <line number="48" hits="1018" branch="False" />
                <line number="49" hits="1018" branch="False" />
                <line number="50" hits="1018" branch="False" />
                <line number="51" hits="1018" branch="False" />
                <line number="53" hits="1018" branch="False" />
                <line number="55" hits="1018" branch="False" />
                <line number="57" hits="1018" branch="False" />
                <line number="59" hits="0" branch="False" />
                <line number="60" hits="0" branch="False" />
                <line number="61" hits="0" branch="False" />
                <line number="62" hits="0" branch="False" />
                <line number="64" hits="1018" branch="False" />
              </lines>
            </method>
          </methods>
          <lines>
            <line number="41" hits="1018" branch="False" />
            <line number="43" hits="1018" branch="False" />
            <line number="44" hits="1018" branch="False" />
            <line number="45" hits="1018" branch="False" />
            <line number="46" hits="1018" branch="False" />
            <line number="47" hits="1018" branch="False" />
            <line number="48" hits="1018" branch="False" />
            <line number="49" hits="1018" branch="False" />
            <line number="50" hits="1018" branch="False" />
            <line number="51" hits="1018" branch="False" />
            <line number="53" hits="1018" branch="False" />
            <line number="55" hits="1018" branch="False" />
            <line number="57" hits="1018" branch="False" />
            <line number="59" hits="0" branch="False" />
            <line number="60" hits="0" branch="False" />
            <line number="61" hits="0" branch="False" />
            <line number="62" hits="0" branch="False" />
            <line number="64" hits="1018" branch="False" />
          </lines>
        </class>
        <class name="CarAuction.Application.Services.AuctionService/&lt;EnsuringTheAuctionRegionInWorkingWell&gt;d__11" filename="CarAuction.Application\Services\AuctionService.cs" line-rate="1" branch-rate="1" complexity="1">
          <methods>
            <method name="MoveNext" signature="()" line-rate="1" branch-rate="1" complexity="1">
              <lines>
                <line number="258" hits="1437" branch="False" />
                <line number="259" hits="1437" branch="False" />
                <line number="261" hits="1437" branch="False" />
                <line number="263" hits="1437" branch="False" />
                <line number="265" hits="1437" branch="False" />
                <line number="266" hits="1437" branch="False" />
                <line number="268" hits="1437" branch="False" />
                <line number="269" hits="1437" branch="False" />
                <line number="273" hits="1437" branch="False" />
                <line number="274" hits="1437" branch="False" />
                <line number="276" hits="1437" branch="False" />
                <line number="278" hits="1437" branch="False" />
                <line number="279" hits="1437" branch="False" />
                <line number="280" hits="1437" branch="False" />
                <line number="282" hits="1437" branch="False" />
                <line number="283" hits="1437" branch="False" />
                <line number="287" hits="1437" branch="False" />
                <line number="288" hits="1437" branch="False" />
                <line number="290" hits="1437" branch="False" />
                <line number="292" hits="1437" branch="False" />
                <line number="293" hits="1437" branch="False" />
                <line number="294" hits="1437" branch="False" />
                <line number="296" hits="1437" branch="False" />
                <line number="297" hits="1437" branch="False" />
                <line number="299" hits="1437" branch="False" />
                <line number="300" hits="1437" branch="False" />
                <line number="302" hits="1437" branch="False" />
                <line number="305" hits="1437" branch="False" />
              </lines>
            </method>
          </methods>
          <lines>
            <line number="258" hits="1437" branch="False" />
            <line number="259" hits="1437" branch="False" />
            <line number="261" hits="1437" branch="False" />
            <line number="263" hits="1437" branch="False" />
            <line number="265" hits="1437" branch="False" />
            <line number="266" hits="1437" branch="False" />
            <line number="268" hits="1437" branch="False" />
            <line number="269" hits="1437" branch="False" />
            <line number="273" hits="1437" branch="False" />
            <line number="274" hits="1437" branch="False" />
            <line number="276" hits="1437" branch="False" />
            <line number="278" hits="1437" branch="False" />
            <line number="279" hits="1437" branch="False" />
            <line number="280" hits="1437" branch="False" />
            <line number="282" hits="1437" branch="False" />
            <line number="283" hits="1437" branch="False" />
            <line number="287" hits="1437" branch="False" />
            <line number="288" hits="1437" branch="False" />
            <line number="290" hits="1437" branch="False" />
            <line number="292" hits="1437" branch="False" />
            <line number="293" hits="1437" branch="False" />
            <line number="294" hits="1437" branch="False" />
            <line number="296" hits="1437" branch="False" />
            <line number="297" hits="1437" branch="False" />
            <line number="299" hits="1437" branch="False" />
            <line number="300" hits="1437" branch="False" />
            <line number="302" hits="1437" branch="False" />
            <line number="305" hits="1437" branch="False" />
          </lines>
        </class>
        <class name="CarAuction.Application.Services.AuctionService/&lt;GetAuctionAsync&gt;d__9" filename="CarAuction.Application\Services\AuctionService.cs" line-rate="0.6363" branch-rate="1" complexity="2">
          <methods>
            <method name="MoveNext" signature="()" line-rate="0.6363" branch-rate="1" complexity="2">
              <lines>
                <line number="133" hits="340" branch="False" />
                <line number="135" hits="340" branch="False" />
                <line number="137" hits="340" branch="True" condition-coverage="100% (2/2)">
                  <conditions>
                    <condition number="47" type="jump" coverage="100%" />
                  </conditions>
                </line>
                <line number="138" hits="4" branch="False" />
                <line number="139" hits="4" branch="False" />
                <line number="143" hits="336" branch="False" />
                <line number="145" hits="0" branch="False" />
                <line number="146" hits="0" branch="False" />
                <line number="147" hits="0" branch="False" />
                <line number="148" hits="0" branch="False" />
                <line number="150" hits="340" branch="False" />
              </lines>
            </method>
          </methods>
          <lines>
            <line number="133" hits="340" branch="False" />
            <line number="135" hits="340" branch="False" />
            <line number="137" hits="340" branch="True" condition-coverage="100% (2/2)">
              <conditions>
                <condition number="47" type="jump" coverage="100%" />
              </conditions>
            </line>
            <line number="138" hits="4" branch="False" />
            <line number="139" hits="4" branch="False" />
            <line number="143" hits="336" branch="False" />
            <line number="145" hits="0" branch="False" />
            <line number="146" hits="0" branch="False" />
            <line number="147" hits="0" branch="False" />
            <line number="148" hits="0" branch="False" />
            <line number="150" hits="340" branch="False" />
          </lines>
        </class>
        <class name="CarAuction.Application.Services.AuctionService/&lt;GetCurrentRegionAsync&gt;d__15" filename="CarAuction.Application\Services\AuctionService.cs" line-rate="1" branch-rate="1" complexity="1">
          <methods>
            <method name="MoveNext" signature="()" line-rate="1" branch-rate="1" complexity="1">
              <lines>
                <line number="356" hits="1441" branch="False" />
                <line number="357" hits="1441" branch="False" />
                <line number="358" hits="1441" branch="False" />
              </lines>
            </method>
          </methods>
          <lines>
            <line number="356" hits="1441" branch="False" />
            <line number="357" hits="1441" branch="False" />
            <line number="358" hits="1441" branch="False" />
          </lines>
        </class>
        <class name="CarAuction.Application.Services.AuctionService/&lt;HandlePartitionedBidAsync&gt;d__14" filename="CarAuction.Application\Services\AuctionService.cs" line-rate="0.7777" branch-rate="1" complexity="2">
          <methods>
            <method name="MoveNext" signature="()" line-rate="0.7777" branch-rate="1" complexity="2">
              <lines>
                <line number="323" hits="3" branch="False" />
                <line number="325" hits="3" branch="False" />
                <line number="327" hits="3" branch="False" />
                <line number="329" hits="3" branch="False" />
                <line number="332" hits="3" branch="False" />
                <line number="334" hits="3" branch="False" />
                <line number="337" hits="3" branch="True" condition-coverage="100% (2/2)">
                  <conditions>
                    <condition number="397" type="jump" coverage="100%" />
                  </conditions>
                </line>
                <line number="338" hits="3" branch="False" />
                <line number="339" hits="3" branch="False" />
                <line number="340" hits="3" branch="False" />
                <line number="341" hits="3" branch="False" />
                <line number="344" hits="3" branch="False" />
                <line number="346" hits="3" branch="False" />
                <line number="348" hits="0" branch="False" />
                <line number="349" hits="0" branch="False" />
                <line number="350" hits="0" branch="False" />
                <line number="351" hits="0" branch="False" />
                <line number="353" hits="3" branch="False" />
              </lines>
            </method>
          </methods>
          <lines>
            <line number="323" hits="3" branch="False" />
            <line number="325" hits="3" branch="False" />
            <line number="327" hits="3" branch="False" />
            <line number="329" hits="3" branch="False" />
            <line number="332" hits="3" branch="False" />
            <line number="334" hits="3" branch="False" />
            <line number="337" hits="3" branch="True" condition-coverage="100% (2/2)">
              <conditions>
                <condition number="397" type="jump" coverage="100%" />
              </conditions>
            </line>
            <line number="338" hits="3" branch="False" />
            <line number="339" hits="3" branch="False" />
            <line number="340" hits="3" branch="False" />
            <line number="341" hits="3" branch="False" />
            <line number="344" hits="3" branch="False" />
            <line number="346" hits="3" branch="False" />
            <line number="348" hits="0" branch="False" />
            <line number="349" hits="0" branch="False" />
            <line number="350" hits="0" branch="False" />
            <line number="351" hits="0" branch="False" />
            <line number="353" hits="3" branch="False" />
          </lines>
        </class>
        <class name="CarAuction.Application.Services.AuctionService/&lt;OnPartitionDetectedHandler&gt;d__16" filename="CarAuction.Application\Services\AuctionService.cs" line-rate="0" branch-rate="0" complexity="6">
          <methods>
            <method name="MoveNext" signature="()" line-rate="0" branch-rate="0" complexity="6">
              <lines>
                <line number="361" hits="0" branch="False" />
                <line number="363" hits="0" branch="False" />
                <line number="364" hits="0" branch="False" />
                <line number="366" hits="0" branch="False" />
                <line number="368" hits="0" branch="True" condition-coverage="0% (0/2)">
                  <conditions>
                    <condition number="669" type="jump" coverage="0%" />
                  </conditions>
                </line>
                <line number="369" hits="0" branch="False" />
                <line number="371" hits="0" branch="True" condition-coverage="0% (0/2)">
                  <conditions>
                    <condition number="392" type="jump" coverage="0%" />
                  </conditions>
                </line>
                <line number="372" hits="0" branch="False" />
                <line number="373" hits="0" branch="True" condition-coverage="0% (0/2)">
                  <conditions>
                    <condition number="416" type="jump" coverage="0%" />
                  </conditions>
                </line>
                <line number="374" hits="0" branch="False" />
                <line number="375" hits="0" branch="False" />
                <line number="377" hits="0" branch="False" />
                <line number="379" hits="0" branch="False" />
                <line number="380" hits="0" branch="False" />
                <line number="381" hits="0" branch="False" />
                <line number="382" hits="0" branch="False" />
                <line number="383" hits="0" branch="False" />
                <line number="384" hits="0" branch="False" />
                <line number="385" hits="0" branch="False" />
                <line number="386" hits="0" branch="False" />
                <line number="387" hits="0" branch="False" />
                <line number="388" hits="0" branch="False" />
              </lines>
            </method>
          </methods>
          <lines>
            <line number="361" hits="0" branch="False" />
            <line number="363" hits="0" branch="False" />
            <line number="364" hits="0" branch="False" />
            <line number="366" hits="0" branch="False" />
            <line number="368" hits="0" branch="True" condition-coverage="0% (0/2)">
              <conditions>
                <condition number="669" type="jump" coverage="0%" />
              </conditions>
            </line>
            <line number="369" hits="0" branch="False" />
            <line number="371" hits="0" branch="True" condition-coverage="0% (0/2)">
              <conditions>
                <condition number="392" type="jump" coverage="0%" />
              </conditions>
            </line>
            <line number="372" hits="0" branch="False" />
            <line number="373" hits="0" branch="True" condition-coverage="0% (0/2)">
              <conditions>
                <condition number="416" type="jump" coverage="0%" />
              </conditions>
            </line>
            <line number="374" hits="0" branch="False" />
            <line number="375" hits="0" branch="False" />
            <line number="377" hits="0" branch="False" />
            <line number="379" hits="0" branch="False" />
            <line number="380" hits="0" branch="False" />
            <line number="381" hits="0" branch="False" />
            <line number="382" hits="0" branch="False" />
            <line number="383" hits="0" branch="False" />
            <line number="384" hits="0" branch="False" />
            <line number="385" hits="0" branch="False" />
            <line number="386" hits="0" branch="False" />
            <line number="387" hits="0" branch="False" />
            <line number="388" hits="0" branch="False" />
          </lines>
        </class>
        <class name="CarAuction.Application.Services.AuctionService/&lt;OnPartitionHealedHandler&gt;d__17" filename="CarAuction.Application\Services\AuctionService.cs" line-rate="0" branch-rate="1" complexity="1">
          <methods>
            <method name="MoveNext" signature="()" line-rate="0" branch-rate="1" complexity="1">
              <lines>
                <line number="391" hits="0" branch="False" />
                <line number="393" hits="0" branch="False" />
                <line number="395" hits="0" branch="False" />
                <line number="397" hits="0" branch="False" />
                <line number="405" hits="0" branch="False" />
                <line number="409" hits="0" branch="False" />
                <line number="411" hits="0" branch="False" />
                <line number="412" hits="0" branch="False" />
                <line number="413" hits="0" branch="False" />
                <line number="414" hits="0" branch="False" />
                <line number="415" hits="0" branch="False" />
                <line number="417" hits="0" branch="False" />
                <line number="418" hits="0" branch="False" />
                <line number="419" hits="0" branch="False" />
              </lines>
            </method>
          </methods>
          <lines>
            <line number="391" hits="0" branch="False" />
            <line number="393" hits="0" branch="False" />
            <line number="395" hits="0" branch="False" />
            <line number="397" hits="0" branch="False" />
            <line number="405" hits="0" branch="False" />
            <line number="409" hits="0" branch="False" />
            <line number="411" hits="0" branch="False" />
            <line number="412" hits="0" branch="False" />
            <line number="413" hits="0" branch="False" />
            <line number="414" hits="0" branch="False" />
            <line number="415" hits="0" branch="False" />
            <line number="417" hits="0" branch="False" />
            <line number="418" hits="0" branch="False" />
            <line number="419" hits="0" branch="False" />
          </lines>
        </class>
        <class name="CarAuction.Application.Services.AuctionService/&lt;PlaceBidAsync&gt;d__8" filename="CarAuction.Application\Services\AuctionService.cs" line-rate="0.6285000000000001" branch-rate="0.7" complexity="10">
          <methods>
            <method name="MoveNext" signature="()" line-rate="0.6285000000000001" branch-rate="0.7" complexity="10">
              <lines>
                <line number="67" hits="1441" branch="False" />
                <line number="69" hits="1441" branch="False" />
                <line number="71" hits="1441" branch="False" />
                <line number="73" hits="1441" branch="True" condition-coverage="50% (1/2)">
                  <conditions>
                    <condition number="226" type="jump" coverage="50%" />
                  </conditions>
                </line>
                <line number="74" hits="0" branch="False" />
                <line number="75" hits="0" branch="False" />
                <line number="78" hits="1441" branch="True" condition-coverage="50% (1/2)">
                  <conditions>
                    <condition number="268" type="jump" coverage="50%" />
                  </conditions>
                </line>
                <line number="79" hits="0" branch="False" />
                <line number="80" hits="0" branch="False" />
                <line number="83" hits="1441" branch="True" condition-coverage="50% (1/2)">
                  <conditions>
                    <condition number="348" type="jump" coverage="50%" />
                  </conditions>
                </line>
                <line number="84" hits="0" branch="False" />
                <line number="85" hits="0" branch="False" />
                <line number="86" hits="0" branch="False" />
                <line number="87" hits="0" branch="False" />
                <line number="90" hits="1441" branch="False" />
                <line number="93" hits="1441" branch="False" />
                <line number="100" hits="1441" branch="True" condition-coverage="100% (2/2)">
                  <conditions>
                    <condition number="792" type="jump" coverage="100%" />
                  </conditions>
                </line>
                <line number="101" hits="1441" branch="False" />
                <line number="102" hits="1441" branch="False" />
                <line number="103" hits="1441" branch="False" />
                <line number="104" hits="3" branch="False" />
                <line number="105" hits="3" branch="False" />
                <line number="110" hits="1438" branch="True" condition-coverage="100% (2/2)">
                  <conditions>
                    <condition number="969" type="jump" coverage="100%" />
                  </conditions>
                </line>
                <line number="111" hits="1438" branch="False" />
                <line number="112" hits="1438" branch="False" />
                <line number="113" hits="1438" branch="False" />
                <line number="114" hits="1" branch="False" />
                <line number="115" hits="1" branch="False" />
                <line number="119" hits="1437" branch="False" />
                <line number="121" hits="0" branch="False" />
                <line number="122" hits="0" branch="False" />
                <line number="123" hits="0" branch="False" />
                <line number="125" hits="0" branch="False" />
                <line number="128" hits="0" branch="False" />
                <line number="130" hits="1441" branch="False" />
              </lines>
            </method>
          </methods>
          <lines>
            <line number="67" hits="1441" branch="False" />
            <line number="69" hits="1441" branch="False" />
            <line number="71" hits="1441" branch="False" />
            <line number="73" hits="1441" branch="True" condition-coverage="50% (1/2)">
              <conditions>
                <condition number="226" type="jump" coverage="50%" />
              </conditions>
            </line>
            <line number="74" hits="0" branch="False" />
            <line number="75" hits="0" branch="False" />
            <line number="78" hits="1441" branch="True" condition-coverage="50% (1/2)">
              <conditions>
                <condition number="268" type="jump" coverage="50%" />
              </conditions>
            </line>
            <line number="79" hits="0" branch="False" />
            <line number="80" hits="0" branch="False" />
            <line number="83" hits="1441" branch="True" condition-coverage="50% (1/2)">
              <conditions>
                <condition number="348" type="jump" coverage="50%" />
              </conditions>
            </line>
            <line number="84" hits="0" branch="False" />
            <line number="85" hits="0" branch="False" />
            <line number="86" hits="0" branch="False" />
            <line number="87" hits="0" branch="False" />
            <line number="90" hits="1441" branch="False" />
            <line number="93" hits="1441" branch="False" />
            <line number="100" hits="1441" branch="True" condition-coverage="100% (2/2)">
              <conditions>
                <condition number="792" type="jump" coverage="100%" />
              </conditions>
            </line>
            <line number="101" hits="1441" branch="False" />
            <line number="102" hits="1441" branch="False" />
            <line number="103" hits="1441" branch="False" />
            <line number="104" hits="3" branch="False" />
            <line number="105" hits="3" branch="False" />
            <line number="110" hits="1438" branch="True" condition-coverage="100% (2/2)">
              <conditions>
                <condition number="969" type="jump" coverage="100%" />
              </conditions>
            </line>
            <line number="111" hits="1438" branch="False" />
            <line number="112" hits="1438" branch="False" />
            <line number="113" hits="1438" branch="False" />
            <line number="114" hits="1" branch="False" />
            <line number="115" hits="1" branch="False" />
            <line number="119" hits="1437" branch="False" />
            <line number="121" hits="0" branch="False" />
            <line number="122" hits="0" branch="False" />
            <line number="123" hits="0" branch="False" />
            <line number="125" hits="0" branch="False" />
            <line number="128" hits="0" branch="False" />
            <line number="130" hits="1441" branch="False" />
          </lines>
        </class>
        <class name="CarAuction.Application.Services.AuctionService/&lt;ReconcileAuctionAsync&gt;d__10" filename="CarAuction.Application\Services\AuctionService.cs" line-rate="0.6507" branch-rate="0.65" complexity="20">
          <methods>
            <method name="MoveNext" signature="()" line-rate="0.6507" branch-rate="0.65" complexity="20">
              <lines>
                <line number="153" hits="2" branch="False" />
                <line number="155" hits="2" branch="False" />
                <line number="157" hits="2" branch="False" />
                <line number="159" hits="2" branch="True" condition-coverage="50% (2/4)">
                  <conditions>
                    <condition number="244" type="jump" coverage="50%" />
                    <condition number="275" type="jump" coverage="50%" />
                  </conditions>
                </line>
                <line number="160" hits="2" branch="False" />
                <line number="161" hits="0" branch="False" />
                <line number="162" hits="0" branch="False" />
                <line number="166" hits="2" branch="False" />
                <line number="169" hits="2" branch="True" condition-coverage="50% (1/2)">
                  <conditions>
                    <condition number="470" type="jump" coverage="50%" />
                  </conditions>
                </line>
                <line number="170" hits="0" branch="False" />
                <line number="171" hits="0" branch="True" condition-coverage="0% (0/2)">
                  <conditions>
                    <condition number="496" type="jump" coverage="0%" />
                  </conditions>
                </line>
                <line number="172" hits="0" branch="False" />
                <line number="173" hits="0" branch="False" />
                <line number="174" hits="0" branch="False" />
                <line number="176" hits="0" branch="False" />
                <line number="177" hits="0" branch="False" />
                <line number="178" hits="0" branch="False" />
                <line number="180" hits="0" branch="False" />
                <line number="182" hits="0" branch="False" />
                <line number="183" hits="0" branch="False" />
                <line number="184" hits="0" branch="False" />
                <line number="185" hits="0" branch="False" />
                <line number="186" hits="0" branch="False" />
                <line number="187" hits="0" branch="False" />
                <line number="188" hits="0" branch="False" />
                <line number="191" hits="2" branch="False" />
                <line number="195" hits="2" branch="False" />
                <line number="196" hits="2" branch="False" />
                <line number="199" hits="2" branch="False" />
                <line number="204" hits="2" branch="False" />
                <line number="205" hits="14" branch="True" condition-coverage="100% (2/2)">
                  <conditions>
                    <condition number="1318" type="jump" coverage="100%" />
                  </conditions>
                </line>
                <line number="206" hits="4" branch="False" />
                <line number="207" hits="4" branch="False" />
                <line number="211" hits="4" branch="True" condition-coverage="100% (2/2)">
                  <conditions>
                    <condition number="1180" type="jump" coverage="100%" />
                  </conditions>
                </line>
                <line number="212" hits="4" branch="False" />
                <line number="213" hits="4" branch="False" />
                <line number="214" hits="4" branch="False" />
                <line number="215" hits="4" branch="False" />
                <line number="218" hits="2" branch="False" />
                <line number="221" hits="2" branch="True" condition-coverage="100% (2/2)">
                  <conditions>
                    <condition number="1509" type="jump" coverage="100%" />
                  </conditions>
                </line>
                <line number="222" hits="2" branch="False" />
                <line number="223" hits="2" branch="False" />
                <line number="224" hits="2" branch="False" />
                <line number="226" hits="2" branch="True" condition-coverage="100% (2/2)">
                  <conditions>
                    <condition number="1572" type="jump" coverage="100%" />
                  </conditions>
                </line>
                <line number="227" hits="1" branch="False" />
                <line number="228" hits="1" branch="False" />
                <line number="229" hits="1" branch="False" />
                <line number="231" hits="1" branch="False" />
                <line number="232" hits="1" branch="False" />
                <line number="233" hits="1" branch="False" />
                <line number="235" hits="2" branch="False" />
                <line number="238" hits="2" branch="True" condition-coverage="50% (2/4)">
                  <conditions>
                    <condition number="1773" type="jump" coverage="50%" />
                    <condition number="1812" type="jump" coverage="50%" />
                  </conditions>
                </line>
                <line number="239" hits="2" branch="False" />
                <line number="240" hits="2" branch="False" />
                <line number="241" hits="2" branch="False" />
                <line number="242" hits="2" branch="False" />
                <line number="243" hits="2" branch="False" />
                <line number="244" hits="2" branch="False" />
                <line number="246" hits="0" branch="False" />
                <line number="247" hits="0" branch="False" />
                <line number="248" hits="0" branch="False" />
                <line number="249" hits="0" branch="False" />
                <line number="251" hits="2" branch="False" />
              </lines>
            </method>
          </methods>
          <lines>
            <line number="153" hits="2" branch="False" />
            <line number="155" hits="2" branch="False" />
            <line number="157" hits="2" branch="False" />
            <line number="159" hits="2" branch="True" condition-coverage="50% (2/4)">
              <conditions>
                <condition number="244" type="jump" coverage="50%" />
                <condition number="275" type="jump" coverage="50%" />
              </conditions>
            </line>
            <line number="160" hits="2" branch="False" />
            <line number="161" hits="0" branch="False" />
            <line number="162" hits="0" branch="False" />
            <line number="166" hits="2" branch="False" />
            <line number="169" hits="2" branch="True" condition-coverage="50% (1/2)">
              <conditions>
                <condition number="470" type="jump" coverage="50%" />
              </conditions>
            </line>
            <line number="170" hits="0" branch="False" />
            <line number="171" hits="0" branch="True" condition-coverage="0% (0/2)">
              <conditions>
                <condition number="496" type="jump" coverage="0%" />
              </conditions>
            </line>
            <line number="172" hits="0" branch="False" />
            <line number="173" hits="0" branch="False" />
            <line number="174" hits="0" branch="False" />
            <line number="176" hits="0" branch="False" />
            <line number="177" hits="0" branch="False" />
            <line number="178" hits="0" branch="False" />
            <line number="180" hits="0" branch="False" />
            <line number="182" hits="0" branch="False" />
            <line number="183" hits="0" branch="False" />
            <line number="184" hits="0" branch="False" />
            <line number="185" hits="0" branch="False" />
            <line number="186" hits="0" branch="False" />
            <line number="187" hits="0" branch="False" />
            <line number="188" hits="0" branch="False" />
            <line number="191" hits="2" branch="False" />
            <line number="195" hits="2" branch="False" />
            <line number="196" hits="2" branch="False" />
            <line number="199" hits="2" branch="False" />
            <line number="204" hits="2" branch="False" />
            <line number="205" hits="14" branch="True" condition-coverage="100% (2/2)">
              <conditions>
                <condition number="1318" type="jump" coverage="100%" />
              </conditions>
            </line>
            <line number="206" hits="4" branch="False" />
            <line number="207" hits="4" branch="False" />
            <line number="211" hits="4" branch="True" condition-coverage="100% (2/2)">
              <conditions>
                <condition number="1180" type="jump" coverage="100%" />
              </conditions>
            </line>
            <line number="212" hits="4" branch="False" />
            <line number="213" hits="4" branch="False" />
            <line number="214" hits="4" branch="False" />
            <line number="215" hits="4" branch="False" />
            <line number="218" hits="2" branch="False" />
            <line number="221" hits="2" branch="True" condition-coverage="100% (2/2)">
              <conditions>
                <condition number="1509" type="jump" coverage="100%" />
              </conditions>
            </line>
            <line number="222" hits="2" branch="False" />
            <line number="223" hits="2" branch="False" />
            <line number="224" hits="2" branch="False" />
            <line number="226" hits="2" branch="True" condition-coverage="100% (2/2)">
              <conditions>
                <condition number="1572" type="jump" coverage="100%" />
              </conditions>
            </line>
            <line number="227" hits="1" branch="False" />
            <line number="228" hits="1" branch="False" />
            <line number="229" hits="1" branch="False" />
            <line number="231" hits="1" branch="False" />
            <line number="232" hits="1" branch="False" />
            <line number="233" hits="1" branch="False" />
            <line number="235" hits="2" branch="False" />
            <line number="238" hits="2" branch="True" condition-coverage="50% (2/4)">
              <conditions>
                <condition number="1773" type="jump" coverage="50%" />
                <condition number="1812" type="jump" coverage="50%" />
              </conditions>
            </line>
            <line number="239" hits="2" branch="False" />
            <line number="240" hits="2" branch="False" />
            <line number="241" hits="2" branch="False" />
            <line number="242" hits="2" branch="False" />
            <line number="243" hits="2" branch="False" />
            <line number="244" hits="2" branch="False" />
            <line number="246" hits="0" branch="False" />
            <line number="247" hits="0" branch="False" />
            <line number="248" hits="0" branch="False" />
            <line number="249" hits="0" branch="False" />
            <line number="251" hits="2" branch="False" />
          </lines>
        </class>
        <class name="CarAuction.Application.Services.BidOrderingService" filename="CarAuction.Application\Services\BidOrderingService.cs" line-rate="1" branch-rate="1" complexity="1">
          <methods>
            <method name=".ctor" signature="(CarAuction.Domain.Abstractions.Repositories.IBidRepository,CarAuction.Domain.Abstractions.Repositories.IAuctionRepository)" line-rate="1" branch-rate="1" complexity="1">
              <lines>
                <line number="8" hits="10" branch="False" />
                <line number="9" hits="10" branch="False" />
                <line number="10" hits="10" branch="False" />
                <line number="12" hits="10" branch="False" />
                <line number="13" hits="10" branch="False" />
              </lines>
            </method>
          </methods>
          <lines>
            <line number="8" hits="10" branch="False" />
            <line number="9" hits="10" branch="False" />
            <line number="10" hits="10" branch="False" />
            <line number="12" hits="10" branch="False" />
            <line number="13" hits="10" branch="False" />
          </lines>
        </class>
        <class name="CarAuction.Application.Services.BidOrderingService/&lt;&gt;c" filename="CarAuction.Application\Services\BidOrderingService.cs" line-rate="0" branch-rate="1" complexity="1">
          <methods>
            <method name="&lt;GetOrderedBidsAsync&gt;b__5_1" signature="(CarAuction.Domain.Models.Bids.Bid)" line-rate="0" branch-rate="1" complexity="1">
              <lines>
                <line number="77" hits="0" branch="False" />
              </lines>
            </method>
          </methods>
          <lines>
            <line number="77" hits="0" branch="False" />
          </lines>
        </class>
        <class name="CarAuction.Application.Services.BidOrderingService/&lt;&gt;c__DisplayClass5_0" filename="CarAuction.Application\Services\BidOrderingService.cs" line-rate="0" branch-rate="1" complexity="1">
          <methods>
            <method name="&lt;GetOrderedBidsAsync&gt;b__0" signature="(CarAuction.Domain.Models.Bids.Bid)" line-rate="0" branch-rate="1" complexity="1">
              <lines>
                <line number="74" hits="0" branch="False" />
              </lines>
            </method>
          </methods>
          <lines>
            <line number="74" hits="0" branch="False" />
          </lines>
        </class>
        <class name="CarAuction.Application.Services.BidOrderingService/&lt;GetNextBidSequenceAsync&gt;d__3" filename="CarAuction.Application\Services\BidOrderingService.cs" line-rate="0.5" branch-rate="1" complexity="1">
          <methods>
            <method name="MoveNext" signature="()" line-rate="0.5" branch-rate="1" complexity="1">
              <lines>
                <line number="16" hits="1440" branch="False" />
                <line number="18" hits="1440" branch="False" />
                <line number="19" hits="1440" branch="False" />
                <line number="21" hits="0" branch="False" />
                <line number="22" hits="0" branch="False" />
                <line number="23" hits="0" branch="False" />
                <line number="24" hits="0" branch="False" />
                <line number="26" hits="1440" branch="False" />
              </lines>
            </method>
          </methods>
          <lines>
            <line number="16" hits="1440" branch="False" />
            <line number="18" hits="1440" branch="False" />
            <line number="19" hits="1440" branch="False" />
            <line number="21" hits="0" branch="False" />
            <line number="22" hits="0" branch="False" />
            <line number="23" hits="0" branch="False" />
            <line number="24" hits="0" branch="False" />
            <line number="26" hits="1440" branch="False" />
          </lines>
        </class>
        <class name="CarAuction.Application.Services.BidOrderingService/&lt;GetOrderedBidsAsync&gt;d__5" filename="CarAuction.Application\Services\BidOrderingService.cs" line-rate="0" branch-rate="0" complexity="2">
          <methods>
            <method name="MoveNext" signature="()" line-rate="0" branch-rate="0" complexity="2">
              <lines>
                <line number="67" hits="0" branch="False" />
                <line number="69" hits="0" branch="False" />
                <line number="70" hits="0" branch="False" />
                <line number="72" hits="0" branch="True" condition-coverage="0% (0/2)">
                  <conditions>
                    <condition number="208" type="jump" coverage="0%" />
                  </conditions>
                </line>
                <line number="73" hits="0" branch="False" />
                <line number="75" hits="0" branch="False" />
                <line number="79" hits="0" branch="False" />
                <line number="80" hits="0" branch="False" />
                <line number="81" hits="0" branch="False" />
                <line number="82" hits="0" branch="False" />
                <line number="84" hits="0" branch="False" />
              </lines>
            </method>
          </methods>
          <lines>
            <line number="67" hits="0" branch="False" />
            <line number="69" hits="0" branch="False" />
            <line number="70" hits="0" branch="False" />
            <line number="72" hits="0" branch="True" condition-coverage="0% (0/2)">
              <conditions>
                <condition number="208" type="jump" coverage="0%" />
              </conditions>
            </line>
            <line number="73" hits="0" branch="False" />
            <line number="75" hits="0" branch="False" />
            <line number="79" hits="0" branch="False" />
            <line number="80" hits="0" branch="False" />
            <line number="81" hits="0" branch="False" />
            <line number="82" hits="0" branch="False" />
            <line number="84" hits="0" branch="False" />
          </lines>
        </class>
        <class name="CarAuction.Application.Services.BidOrderingService/&lt;ValidateBidOrderAsync&gt;d__4" filename="CarAuction.Application\Services\BidOrderingService.cs" line-rate="0.40740000000000004" branch-rate="0.5" complexity="4">
          <methods>
            <method name="MoveNext" signature="()" line-rate="0.40740000000000004" branch-rate="0.5" complexity="4">
              <lines>
                <line number="29" hits="1437" branch="False" />
                <line number="31" hits="1437" branch="False" />
                <line number="32" hits="1437" branch="False" />
                <line number="34" hits="1437" branch="True" condition-coverage="50% (1/2)">
                  <conditions>
                    <condition number="173" type="jump" coverage="50%" />
                  </conditions>
                </line>
                <line number="35" hits="0" branch="False" />
                <line number="36" hits="0" branch="False" />
                <line number="37" hits="0" branch="False" />
                <line number="38" hits="0" branch="False" />
                <line number="39" hits="0" branch="False" />
                <line number="40" hits="0" branch="False" />
                <line number="44" hits="1437" branch="True" condition-coverage="50% (1/2)">
                  <conditions>
                    <condition number="238" type="jump" coverage="50%" />
                  </conditions>
                </line>
                <line number="45" hits="0" branch="False" />
                <line number="46" hits="0" branch="False" />
                <line number="47" hits="0" branch="False" />
                <line number="48" hits="0" branch="False" />
                <line number="49" hits="0" branch="False" />
                <line number="50" hits="0" branch="False" />
                <line number="53" hits="1437" branch="False" />
                <line number="54" hits="1437" branch="False" />
                <line number="55" hits="1437" branch="False" />
                <line number="56" hits="1437" branch="False" />
                <line number="57" hits="1437" branch="False" />
                <line number="59" hits="0" branch="False" />
                <line number="60" hits="0" branch="False" />
                <line number="61" hits="0" branch="False" />
                <line number="62" hits="0" branch="False" />
                <line number="64" hits="1437" branch="False" />
              </lines>
            </method>
          </methods>
          <lines>
            <line number="29" hits="1437" branch="False" />
            <line number="31" hits="1437" branch="False" />
            <line number="32" hits="1437" branch="False" />
            <line number="34" hits="1437" branch="True" condition-coverage="50% (1/2)">
              <conditions>
                <condition number="173" type="jump" coverage="50%" />
              </conditions>
            </line>
            <line number="35" hits="0" branch="False" />
            <line number="36" hits="0" branch="False" />
            <line number="37" hits="0" branch="False" />
            <line number="38" hits="0" branch="False" />
            <line number="39" hits="0" branch="False" />
            <line number="40" hits="0" branch="False" />
            <line number="44" hits="1437" branch="True" condition-coverage="50% (1/2)">
              <conditions>
                <condition number="238" type="jump" coverage="50%" />
              </conditions>
            </line>
            <line number="45" hits="0" branch="False" />
            <line number="46" hits="0" branch="False" />
            <line number="47" hits="0" branch="False" />
            <line number="48" hits="0" branch="False" />
            <line number="49" hits="0" branch="False" />
            <line number="50" hits="0" branch="False" />
            <line number="53" hits="1437" branch="False" />
            <line number="54" hits="1437" branch="False" />
            <line number="55" hits="1437" branch="False" />
            <line number="56" hits="1437" branch="False" />
            <line number="57" hits="1437" branch="False" />
            <line number="59" hits="0" branch="False" />
            <line number="60" hits="0" branch="False" />
            <line number="61" hits="0" branch="False" />
            <line number="62" hits="0" branch="False" />
            <line number="64" hits="1437" branch="False" />
          </lines>
        </class>
        <class name="CarAuction.Application.Services.ConflictResolver" filename="CarAuction.Application\Services\ConflictResolver.cs" line-rate="0.7045" branch-rate="0.75" complexity="12">
          <methods>
            <method name="ResolveConflictingBidsAsync" signature="(System.Collections.Generic.List`1&lt;CarAuction.Domain.Models.Bids.Bid&gt;,CarAuction.Domain.Models.Region)" line-rate="0.6818000000000001" branch-rate="0.6666" complexity="6">
              <lines>
                <line number="10" hits="4" branch="False" />
                <line number="12" hits="4" branch="False" />
                <line number="13" hits="4" branch="True" condition-coverage="50% (1/2)">
                  <conditions>
                    <condition number="26" type="jump" coverage="50%" />
                  </conditions>
                </line>
                <line number="14" hits="0" branch="False" />
                <line number="15" hits="0" branch="False" />
                <line number="18" hits="4" branch="False" />
                <line number="19" hits="10" branch="False" />
                <line number="20" hits="5" branch="False" />
                <line number="21" hits="5" branch="False" />
                <line number="22" hits="5" branch="False" />
                <line number="23" hits="4" branch="False" />
                <line number="25" hits="4" branch="True" condition-coverage="50% (1/2)">
                  <conditions>
                    <condition number="190" type="jump" coverage="50%" />
                  </conditions>
                </line>
                <line number="26" hits="0" branch="False" />
                <line number="41" hits="4" branch="False" />
                <line number="44" hits="10" branch="True" condition-coverage="100% (2/2)">
                  <conditions>
                    <condition number="311" type="jump" coverage="100%" />
                  </conditions>
                </line>
                <line number="45" hits="1" branch="False" />
                <line number="47" hits="4" branch="False" />
                <line number="49" hits="0" branch="False" />
                <line number="50" hits="0" branch="False" />
                <line number="51" hits="0" branch="False" />
                <line number="52" hits="0" branch="False" />
                <line number="55" hits="4" branch="False" />
              </lines>
            </method>
            <method name="DetermineFinalWinnerAsync" signature="(System.Collections.Generic.List`1&lt;CarAuction.Domain.Models.Bids.Bid&gt;)" line-rate="0.7272" branch-rate="0.8332999999999999" complexity="6">
              <lines>
                <line number="58" hits="2" branch="False" />
                <line number="60" hits="2" branch="False" />
                <line number="61" hits="6" branch="False" />
                <line number="63" hits="2" branch="True" condition-coverage="50% (1/2)">
                  <conditions>
                    <condition number="62" type="jump" coverage="50%" />
                  </conditions>
                </line>
                <line number="64" hits="0" branch="False" />
                <line number="65" hits="0" branch="False" />
                <line number="70" hits="2" branch="False" />
                <line number="71" hits="4" branch="False" />
                <line number="72" hits="3" branch="False" />
                <line number="73" hits="3" branch="False" />
                <line number="74" hits="2" branch="False" />
                <line number="77" hits="2" branch="False" />
                <line number="80" hits="14" branch="True" condition-coverage="100% (4/4)">
                  <conditions>
                    <condition number="218" type="jump" coverage="100%" />
                    <condition number="289" type="jump" coverage="100%" />
                  </conditions>
                </line>
                <line number="81" hits="2" branch="False" />
                <line number="82" hits="2" branch="False" />
                <line number="83" hits="2" branch="False" />
                <line number="85" hits="2" branch="False" />
                <line number="87" hits="0" branch="False" />
                <line number="88" hits="0" branch="False" />
                <line number="89" hits="0" branch="False" />
                <line number="90" hits="0" branch="False" />
                <line number="92" hits="2" branch="False" />
              </lines>
            </method>
          </methods>
          <lines>
            <line number="10" hits="4" branch="False" />
            <line number="12" hits="4" branch="False" />
            <line number="13" hits="4" branch="True" condition-coverage="50% (1/2)">
              <conditions>
                <condition number="26" type="jump" coverage="50%" />
              </conditions>
            </line>
            <line number="14" hits="0" branch="False" />
            <line number="15" hits="0" branch="False" />
            <line number="18" hits="4" branch="False" />
            <line number="19" hits="10" branch="False" />
            <line number="20" hits="5" branch="False" />
            <line number="21" hits="5" branch="False" />
            <line number="22" hits="5" branch="False" />
            <line number="23" hits="4" branch="False" />
            <line number="25" hits="4" branch="True" condition-coverage="50% (1/2)">
              <conditions>
                <condition number="190" type="jump" coverage="50%" />
              </conditions>
            </line>
            <line number="26" hits="0" branch="False" />
            <line number="41" hits="4" branch="False" />
            <line number="44" hits="10" branch="True" condition-coverage="100% (2/2)">
              <conditions>
                <condition number="311" type="jump" coverage="100%" />
              </conditions>
            </line>
            <line number="45" hits="1" branch="False" />
            <line number="47" hits="4" branch="False" />
            <line number="49" hits="0" branch="False" />
            <line number="50" hits="0" branch="False" />
            <line number="51" hits="0" branch="False" />
            <line number="52" hits="0" branch="False" />
            <line number="55" hits="4" branch="False" />
            <line number="58" hits="2" branch="False" />
            <line number="60" hits="2" branch="False" />
            <line number="61" hits="6" branch="False" />
            <line number="63" hits="2" branch="True" condition-coverage="50% (1/2)">
              <conditions>
                <condition number="62" type="jump" coverage="50%" />
              </conditions>
            </line>
            <line number="64" hits="0" branch="False" />
            <line number="65" hits="0" branch="False" />
            <line number="70" hits="2" branch="False" />
            <line number="71" hits="4" branch="False" />
            <line number="72" hits="3" branch="False" />
            <line number="73" hits="3" branch="False" />
            <line number="74" hits="2" branch="False" />
            <line number="77" hits="2" branch="False" />
            <line number="80" hits="14" branch="True" condition-coverage="100% (4/4)">
              <conditions>
                <condition number="218" type="jump" coverage="100%" />
                <condition number="289" type="jump" coverage="100%" />
              </conditions>
            </line>
            <line number="81" hits="2" branch="False" />
            <line number="82" hits="2" branch="False" />
            <line number="83" hits="2" branch="False" />
            <line number="85" hits="2" branch="False" />
            <line number="87" hits="0" branch="False" />
            <line number="88" hits="0" branch="False" />
            <line number="89" hits="0" branch="False" />
            <line number="90" hits="0" branch="False" />
            <line number="92" hits="2" branch="False" />
          </lines>
        </class>
        <class name="CarAuction.Application.Services.RegionCoordinator" filename="CarAuction.Application\Services\RegionCoordinator.cs" line-rate="0.5" branch-rate="0" complexity="5">
          <methods>
            <method name="OnPartitionDetected" signature="(CarAuction.Domain.Abstractions.Results.PartitionEventArgs)" line-rate="0" branch-rate="0" complexity="2">
              <lines>
                <line number="197" hits="0" branch="False" />
                <line number="198" hits="0" branch="True" condition-coverage="0% (0/2)">
                  <conditions>
                    <condition number="8" type="jump" coverage="0%" />
                  </conditions>
                </line>
                <line number="199" hits="0" branch="False" />
              </lines>
            </method>
            <method name="OnPartitionHealed" signature="(CarAuction.Domain.Abstractions.Results.PartitionEventArgs)" line-rate="0" branch-rate="0" complexity="2">
              <lines>
                <line number="202" hits="0" branch="False" />
                <line number="203" hits="0" branch="True" condition-coverage="0% (0/2)">
                  <conditions>
                    <condition number="8" type="jump" coverage="0%" />
                  </conditions>
                </line>
                <line number="204" hits="0" branch="False" />
              </lines>
            </method>
            <method name=".ctor" signature="(CarAuction.Domain.Abstractions.Repositories.IPartitionEventRepository,CarAuction.Domain.Abstractions.IPartitionSimulator)" line-rate="1" branch-rate="1" complexity="1">
              <lines>
                <line number="9" hits="10" branch="False" />
                <line number="10" hits="10" branch="False" />
                <line number="11" hits="10" branch="False" />
                <line number="13" hits="10" branch="False" />
                <line number="14" hits="10" branch="False" />
                <line number="19" hits="10" branch="False" />
              </lines>
            </method>
          </methods>
          <lines>
            <line number="197" hits="0" branch="False" />
            <line number="198" hits="0" branch="True" condition-coverage="0% (0/2)">
              <conditions>
                <condition number="8" type="jump" coverage="0%" />
              </conditions>
            </line>
            <line number="199" hits="0" branch="False" />
            <line number="202" hits="0" branch="False" />
            <line number="203" hits="0" branch="True" condition-coverage="0% (0/2)">
              <conditions>
                <condition number="8" type="jump" coverage="0%" />
              </conditions>
            </line>
            <line number="204" hits="0" branch="False" />
            <line number="9" hits="10" branch="False" />
            <line number="10" hits="10" branch="False" />
            <line number="11" hits="10" branch="False" />
            <line number="13" hits="10" branch="False" />
            <line number="14" hits="10" branch="False" />
            <line number="19" hits="10" branch="False" />
          </lines>
        </class>
        <class name="CarAuction.Application.Services.RegionCoordinator/&lt;AddPartitionAsync&gt;d__13" filename="CarAuction.Application\Services\RegionCoordinator.cs" line-rate="0.25" branch-rate="0.5" complexity="2">
          <methods>
            <method name="MoveNext" signature="()" line-rate="0.25" branch-rate="0.5" complexity="2">
              <lines>
                <line number="111" hits="3" branch="False" />
                <line number="113" hits="3" branch="False" />
                <line number="114" hits="3" branch="False" />
                <line number="116" hits="3" branch="True" condition-coverage="50% (1/2)">
                  <conditions>
                    <condition number="183" type="jump" coverage="50%" />
                  </conditions>
                </line>
                <line number="117" hits="0" branch="False" />
                <line number="118" hits="0" branch="False" />
                <line number="119" hits="0" branch="False" />
                <line number="121" hits="0" branch="False" />
                <line number="123" hits="0" branch="False" />
                <line number="124" hits="0" branch="False" />
                <line number="125" hits="0" branch="False" />
                <line number="126" hits="0" branch="False" />
                <line number="127" hits="0" branch="False" />
                <line number="128" hits="0" branch="False" />
                <line number="129" hits="0" branch="False" />
                <line number="130" hits="0" branch="False" />
                <line number="132" hits="0" branch="False" />
                <line number="133" hits="0" branch="False" />
                <line number="134" hits="3" branch="False" />
                <line number="135" hits="0" branch="False" />
                <line number="136" hits="0" branch="False" />
                <line number="137" hits="0" branch="False" />
                <line number="138" hits="0" branch="False" />
                <line number="140" hits="3" branch="False" />
              </lines>
            </method>
          </methods>
          <lines>
            <line number="111" hits="3" branch="False" />
            <line number="113" hits="3" branch="False" />
            <line number="114" hits="3" branch="False" />
            <line number="116" hits="3" branch="True" condition-coverage="50% (1/2)">
              <conditions>
                <condition number="183" type="jump" coverage="50%" />
              </conditions>
            </line>
            <line number="117" hits="0" branch="False" />
            <line number="118" hits="0" branch="False" />
            <line number="119" hits="0" branch="False" />
            <line number="121" hits="0" branch="False" />
            <line number="123" hits="0" branch="False" />
            <line number="124" hits="0" branch="False" />
            <line number="125" hits="0" branch="False" />
            <line number="126" hits="0" branch="False" />
            <line number="127" hits="0" branch="False" />
            <line number="128" hits="0" branch="False" />
            <line number="129" hits="0" branch="False" />
            <line number="130" hits="0" branch="False" />
            <line number="132" hits="0" branch="False" />
            <line number="133" hits="0" branch="False" />
            <line number="134" hits="3" branch="False" />
            <line number="135" hits="0" branch="False" />
            <line number="136" hits="0" branch="False" />
            <line number="137" hits="0" branch="False" />
            <line number="138" hits="0" branch="False" />
            <line number="140" hits="3" branch="False" />
          </lines>
        </class>
        <class name="CarAuction.Application.Services.RegionCoordinator/&lt;ExecuteInRegionAsync&gt;d__11`1" filename="CarAuction.Application\Services\RegionCoordinator.cs" line-rate="0.5" branch-rate="0.5" complexity="2">
          <methods>
            <method name="MoveNext" signature="()" line-rate="0.5" branch-rate="0.5" complexity="2">
              <lines>
                <line number="37" hits="1437" branch="False" />
                <line number="39" hits="1437" branch="False" />
                <line number="40" hits="1437" branch="False" />
                <line number="42" hits="1437" branch="True" condition-coverage="50% (1/2)">
                  <conditions>
                    <condition number="173" type="jump" coverage="50%" />
                  </conditions>
                </line>
                <line number="43" hits="0" branch="False" />
                <line number="44" hits="0" branch="False" />
                <line number="47" hits="1437" branch="False" />
                <line number="49" hits="0" branch="False" />
                <line number="50" hits="0" branch="False" />
                <line number="51" hits="0" branch="False" />
                <line number="52" hits="0" branch="False" />
                <line number="54" hits="1437" branch="False" />
              </lines>
            </method>
          </methods>
          <lines>
            <line number="37" hits="1437" branch="False" />
            <line number="39" hits="1437" branch="False" />
            <line number="40" hits="1437" branch="False" />
            <line number="42" hits="1437" branch="True" condition-coverage="50% (1/2)">
              <conditions>
                <condition number="173" type="jump" coverage="50%" />
              </conditions>
            </line>
            <line number="43" hits="0" branch="False" />
            <line number="44" hits="0" branch="False" />
            <line number="47" hits="1437" branch="False" />
            <line number="49" hits="0" branch="False" />
            <line number="50" hits="0" branch="False" />
            <line number="51" hits="0" branch="False" />
            <line number="52" hits="0" branch="False" />
            <line number="54" hits="1437" branch="False" />
          </lines>
        </class>
        <class name="CarAuction.Application.Services.RegionCoordinator/&lt;GetCurrentPartitionByAuctionRegionAsync&gt;d__14" filename="CarAuction.Application\Services\RegionCoordinator.cs" line-rate="0" branch-rate="1" complexity="1">
          <methods>
            <method name="MoveNext" signature="()" line-rate="0" branch-rate="1" complexity="1">
              <lines>
                <line number="143" hits="0" branch="False" />
                <line number="145" hits="0" branch="False" />
                <line number="146" hits="0" branch="False" />
                <line number="148" hits="0" branch="False" />
                <line number="149" hits="0" branch="False" />
                <line number="150" hits="0" branch="False" />
                <line number="151" hits="0" branch="False" />
                <line number="154" hits="0" branch="False" />
              </lines>
            </method>
          </methods>
          <lines>
            <line number="143" hits="0" branch="False" />
            <line number="145" hits="0" branch="False" />
            <line number="146" hits="0" branch="False" />
            <line number="148" hits="0" branch="False" />
            <line number="149" hits="0" branch="False" />
            <line number="150" hits="0" branch="False" />
            <line number="151" hits="0" branch="False" />
            <line number="154" hits="0" branch="False" />
          </lines>
        </class>
        <class name="CarAuction.Application.Services.RegionCoordinator/&lt;GetPartitionStatusAsync&gt;d__12" filename="CarAuction.Application\Services\RegionCoordinator.cs" line-rate="0.18420000000000003" branch-rate="0.125" complexity="16">
          <methods>
            <method name="MoveNext" signature="()" line-rate="0.18420000000000003" branch-rate="0.125" complexity="16">
              <lines>
                <line number="57" hits="333" branch="False" />
                <line number="59" hits="333" branch="False" />
                <line number="63" hits="333" branch="False" />
                <line number="64" hits="333" branch="True" condition-coverage="50% (1/2)">
                  <conditions>
                    <condition number="188" type="jump" coverage="50%" />
                  </conditions>
                </line>
                <line number="66" hits="333" branch="True" condition-coverage="50% (1/2)">
                  <conditions>
                    <condition number="230" type="jump" coverage="50%" />
                  </conditions>
                </line>
                <line number="67" hits="0" branch="False" />
                <line number="68" hits="0" branch="False" />
                <line number="69" hits="0" branch="False" />
                <line number="71" hits="0" branch="True" condition-coverage="0% (0/2)">
                  <conditions>
                    <condition number="283" type="jump" coverage="0%" />
                  </conditions>
                </line>
                <line number="72" hits="0" branch="False" />
                <line number="73" hits="0" branch="False" />
                <line number="74" hits="0" branch="False" />
[...]
          <methods>
            <method name="MoveNext" signature="()" line-rate="1" branch-rate="1" complexity="1">
              <lines>
                <line number="12" hits="2" branch="False" />
                <line number="13" hits="2" branch="False" />
                <line number="14" hits="2" branch="False" />
              </lines>
            </method>
          </methods>
          <lines>
            <line number="12" hits="2" branch="False" />
            <line number="13" hits="2" branch="False" />
            <line number="14" hits="2" branch="False" />
          </lines>
        </class>
        <class name="CarAuction.Infrastructure.Data.Repositories.BidRepository/&lt;GetNextSequenceAsync&gt;d__4" filename="CarAuction.Infrastructure\Data\Repositories\BidRepository.cs" line-rate="0.4705" branch-rate="0.5" complexity="2">
          <methods>
            <method name="MoveNext" signature="()" line-rate="0.4705" branch-rate="0.5" complexity="2">
              <lines>
                <line number="23" hits="1551" branch="False" />
                <line number="24" hits="1551" branch="False" />
                <line number="26" hits="1551" branch="True" condition-coverage="50% (1/2)">
                  <conditions>
                    <condition number="198" type="jump" coverage="50%" />
                  </conditions>
                </line>
                <line number="27" hits="0" branch="False" />
                <line number="28" hits="0" branch="False" />
                <line number="29" hits="0" branch="False" />
                <line number="30" hits="0" branch="False" />
                <line number="31" hits="0" branch="False" />
                <line number="32" hits="0" branch="False" />
                <line number="33" hits="0" branch="False" />
                <line number="34" hits="0" branch="False" />
                <line number="35" hits="0" branch="False" />
                <line number="37" hits="1551" branch="False" />
                <line number="38" hits="1551" branch="False" />
                <line number="40" hits="1551" branch="False" />
                <line number="42" hits="1551" branch="False" />
                <line number="43" hits="1551" branch="False" />
              </lines>
            </method>
          </methods>
          <lines>
            <line number="23" hits="1551" branch="False" />
            <line number="24" hits="1551" branch="False" />
            <line number="26" hits="1551" branch="True" condition-coverage="50% (1/2)">
              <conditions>
                <condition number="198" type="jump" coverage="50%" />
              </conditions>
            </line>
            <line number="27" hits="0" branch="False" />
            <line number="28" hits="0" branch="False" />
            <line number="29" hits="0" branch="False" />
            <line number="30" hits="0" branch="False" />
            <line number="31" hits="0" branch="False" />
            <line number="32" hits="0" branch="False" />
            <line number="33" hits="0" branch="False" />
            <line number="34" hits="0" branch="False" />
            <line number="35" hits="0" branch="False" />
            <line number="37" hits="1551" branch="False" />
            <line number="38" hits="1551" branch="False" />
            <line number="40" hits="1551" branch="False" />
            <line number="42" hits="1551" branch="False" />
            <line number="43" hits="1551" branch="False" />
          </lines>
        </class>
        <class name="CarAuction.Infrastructure.Data.Repositories.BidRepository/&lt;UpdateAsync&gt;d__7" filename="CarAuction.Infrastructure\Data\Repositories\BidRepository.cs" line-rate="0" branch-rate="1" complexity="1">
          <methods>
            <method name="MoveNext" signature="()" line-rate="0" branch-rate="1" complexity="1">
              <lines>
                <line number="59" hits="0" branch="False" />
                <line number="61" hits="0" branch="False" />
                <line number="62" hits="0" branch="False" />
                <line number="63" hits="0" branch="False" />
                <line number="64" hits="0" branch="False" />
                <line number="65" hits="0" branch="False" />
                <line number="66" hits="0" branch="False" />
                <line number="67" hits="0" branch="False" />
                <line number="68" hits="0" branch="False" />
                <line number="70" hits="0" branch="False" />
              </lines>
            </method>
          </methods>
          <lines>
            <line number="59" hits="0" branch="False" />
            <line number="61" hits="0" branch="False" />
            <line number="62" hits="0" branch="False" />
            <line number="63" hits="0" branch="False" />
            <line number="64" hits="0" branch="False" />
            <line number="65" hits="0" branch="False" />
            <line number="66" hits="0" branch="False" />
            <line number="67" hits="0" branch="False" />
            <line number="68" hits="0" branch="False" />
            <line number="70" hits="0" branch="False" />
          </lines>
        </class>
        <class name="CarAuction.Infrastructure.Data.Repositories.BidRepository/&lt;UpdateRangeAsync&gt;d__8" filename="CarAuction.Infrastructure\Data\Repositories\BidRepository.cs" line-rate="0.6" branch-rate="1" complexity="1">
          <methods>
            <method name="MoveNext" signature="()" line-rate="0.6" branch-rate="1" complexity="1">
              <lines>
                <line number="73" hits="4" branch="False" />
                <line number="75" hits="4" branch="False" />
                <line number="76" hits="4" branch="False" />
                <line number="77" hits="4" branch="False" />
                <line number="78" hits="4" branch="False" />
                <line number="79" hits="0" branch="False" />
                <line number="80" hits="0" branch="False" />
                <line number="81" hits="0" branch="False" />
                <line number="82" hits="0" branch="False" />
                <line number="84" hits="4" branch="False" />
              </lines>
            </method>
          </methods>
          <lines>
            <line number="73" hits="4" branch="False" />
            <line number="75" hits="4" branch="False" />
            <line number="76" hits="4" branch="False" />
            <line number="77" hits="4" branch="False" />
            <line number="78" hits="4" branch="False" />
            <line number="79" hits="0" branch="False" />
            <line number="80" hits="0" branch="False" />
            <line number="81" hits="0" branch="False" />
            <line number="82" hits="0" branch="False" />
            <line number="84" hits="4" branch="False" />
          </lines>
        </class>
        <class name="CarAuction.Infrastructure.Data.Repositories.PartitionEventRepository" filename="CarAuction.Infrastructure\Data\Repositories\PartitionEventRepository.cs" line-rate="1" branch-rate="1" complexity="1">
          <methods>
            <method name=".ctor" signature="(CarAuction.Infrastructure.Data.AuctionDbContext)" line-rate="1" branch-rate="1" complexity="1">
              <lines>
                <line number="8" hits="14" branch="False" />
                <line number="10" hits="14" branch="False" />
              </lines>
            </method>
          </methods>
          <lines>
            <line number="8" hits="14" branch="False" />
            <line number="10" hits="14" branch="False" />
          </lines>
        </class>
        <class name="CarAuction.Infrastructure.Data.Repositories.PartitionEventRepository/&lt;CreateAsync&gt;d__4" filename="CarAuction.Infrastructure\Data\Repositories\PartitionEventRepository.cs" line-rate="1" branch-rate="1" complexity="1">
          <methods>
            <method name="MoveNext" signature="()" line-rate="1" branch-rate="1" complexity="1">
              <lines>
                <line number="29" hits="8" branch="False" />
                <line number="30" hits="8" branch="False" />
                <line number="31" hits="8" branch="False" />
                <line number="32" hits="8" branch="False" />
                <line number="33" hits="8" branch="False" />
              </lines>
            </method>
          </methods>
          <lines>
            <line number="29" hits="8" branch="False" />
            <line number="30" hits="8" branch="False" />
            <line number="31" hits="8" branch="False" />
            <line number="32" hits="8" branch="False" />
            <line number="33" hits="8" branch="False" />
          </lines>
        </class>
        <class name="CarAuction.Infrastructure.Data.Repositories.PartitionEventRepository/&lt;GetCurrentPartitionAsync&gt;d__2" filename="CarAuction.Infrastructure\Data\Repositories\PartitionEventRepository.cs" line-rate="1" branch-rate="1" complexity="1">
          <methods>
            <method name="MoveNext" signature="()" line-rate="1" branch-rate="1" complexity="1">
              <lines>
                <line number="13" hits="333" branch="False" />
                <line number="14" hits="333" branch="False" />
                <line number="15" hits="333" branch="False" />
                <line number="16" hits="333" branch="False" />
                <line number="17" hits="333" branch="False" />
              </lines>
            </method>
          </methods>
          <lines>
            <line number="13" hits="333" branch="False" />
            <line number="14" hits="333" branch="False" />
            <line number="15" hits="333" branch="False" />
            <line number="16" hits="333" branch="False" />
            <line number="17" hits="333" branch="False" />
          </lines>
        </class>
        <class name="CarAuction.Infrastructure.Data.Repositories.PartitionEventRepository/&lt;GetCurrentPartitionByAuctionRegionAsync&gt;d__3" filename="CarAuction.Infrastructure\Data\Repositories\PartitionEventRepository.cs" line-rate="1" branch-rate="1" complexity="1">
          <methods>
            <method name="MoveNext" signature="()" line-rate="1" branch-rate="1" complexity="1">
              <lines>
                <line number="20" hits="2882" branch="False" />
                <line number="21" hits="2882" branch="False" />
                <line number="22" hits="2882" branch="False" />
                <line number="23" hits="2882" branch="False" />
                <line number="24" hits="2882" branch="False" />
                <line number="25" hits="2882" branch="False" />
                <line number="26" hits="2882" branch="False" />
              </lines>
            </method>
          </methods>
          <lines>
            <line number="20" hits="2882" branch="False" />
            <line number="21" hits="2882" branch="False" />
            <line number="22" hits="2882" branch="False" />
            <line number="23" hits="2882" branch="False" />
            <line number="24" hits="2882" branch="False" />
            <line number="25" hits="2882" branch="False" />
            <line number="26" hits="2882" branch="False" />
          </lines>
        </class>
        <class name="CarAuction.Infrastructure.Data.Repositories.PartitionEventRepository/&lt;GetHistoryAsync&gt;d__6" filename="CarAuction.Infrastructure\Data\Repositories\PartitionEventRepository.cs" line-rate="0" branch-rate="1" complexity="1">
          <methods>
            <method name="MoveNext" signature="()" line-rate="0" branch-rate="1" complexity="1">
              <lines>
                <line number="42" hits="0" branch="False" />
                <line number="43" hits="0" branch="False" />
                <line number="44" hits="0" branch="False" />
                <line number="45" hits="0" branch="False" />
              </lines>
            </method>
          </methods>
          <lines>
            <line number="42" hits="0" branch="False" />
            <line number="43" hits="0" branch="False" />
            <line number="44" hits="0" branch="False" />
            <line number="45" hits="0" branch="False" />
          </lines>
        </class>
        <class name="CarAuction.Infrastructure.Data.Repositories.PartitionEventRepository/&lt;UpdateAsync&gt;d__5" filename="CarAuction.Infrastructure\Data\Repositories\PartitionEventRepository.cs" line-rate="1" branch-rate="1" complexity="1">
          <methods>
            <method name="MoveNext" signature="()" line-rate="1" branch-rate="1" complexity="1">
              <lines>
                <line number="36" hits="8" branch="False" />
                <line number="37" hits="8" branch="False" />
                <line number="38" hits="8" branch="False" />
                <line number="39" hits="8" branch="False" />
              </lines>
            </method>
          </methods>
          <lines>
            <line number="36" hits="8" branch="False" />
            <line number="37" hits="8" branch="False" />
            <line number="38" hits="8" branch="False" />
            <line number="39" hits="8" branch="False" />
          </lines>
        </class>
        <class name="CarAuction.Infrastructure.Data.Repositories.VehicleRepository" filename="CarAuction.Infrastructure\Data\Repositories\VehicleRepository.cs" line-rate="1" branch-rate="1" complexity="1">
          <methods>
            <method name=".ctor" signature="(CarAuction.Infrastructure.Data.AuctionDbContext)" line-rate="1" branch-rate="1" complexity="1">
              <lines>
                <line number="8" hits="11" branch="False" />
                <line number="10" hits="11" branch="False" />
              </lines>
            </method>
          </methods>
          <lines>
            <line number="8" hits="11" branch="False" />
            <line number="10" hits="11" branch="False" />
          </lines>
        </class>
        <class name="CarAuction.Infrastructure.Data.Repositories.VehicleRepository/&lt;CreateAsync&gt;d__4" filename="CarAuction.Infrastructure\Data\Repositories\VehicleRepository.cs" line-rate="1" branch-rate="1" complexity="1">
          <methods>
            <method name="MoveNext" signature="()" line-rate="1" branch-rate="1" complexity="1">
              <lines>
                <line number="21" hits="1019" branch="False" />
                <line number="22" hits="1019" branch="False" />
                <line number="24" hits="1019" branch="False" />
                <line number="26" hits="1019" branch="False" />
                <line number="27" hits="1019" branch="False" />
              </lines>
            </method>
          </methods>
          <lines>
            <line number="21" hits="1019" branch="False" />
            <line number="22" hits="1019" branch="False" />
            <line number="24" hits="1019" branch="False" />
            <line number="26" hits="1019" branch="False" />
            <line number="27" hits="1019" branch="False" />
          </lines>
        </class>
        <class name="CarAuction.Infrastructure.Data.Repositories.VehicleRepository/&lt;DeleteAsync&gt;d__6" filename="CarAuction.Infrastructure\Data\Repositories\VehicleRepository.cs" line-rate="0" branch-rate="0" complexity="2">
          <methods>
            <method name="MoveNext" signature="()" line-rate="0" branch-rate="0" complexity="2">
              <lines>
                <line number="37" hits="0" branch="False" />
                <line number="38" hits="0" branch="False" />
                <line number="40" hits="0" branch="True" condition-coverage="0% (0/2)">
                  <conditions>
                    <condition number="168" type="jump" coverage="0%" />
                  </conditions>
                </line>
                <line number="41" hits="0" branch="False" />
                <line number="42" hits="0" branch="False" />
                <line number="44" hits="0" branch="False" />
                <line number="45" hits="0" branch="False" />
                <line number="46" hits="0" branch="False" />
              </lines>
            </method>
          </methods>
          <lines>
            <line number="37" hits="0" branch="False" />
            <line number="38" hits="0" branch="False" />
            <line number="40" hits="0" branch="True" condition-coverage="0% (0/2)">
              <conditions>
                <condition number="168" type="jump" coverage="0%" />
              </conditions>
            </line>
            <line number="41" hits="0" branch="False" />
            <line number="42" hits="0" branch="False" />
            <line number="44" hits="0" branch="False" />
            <line number="45" hits="0" branch="False" />
            <line number="46" hits="0" branch="False" />
          </lines>
        </class>
        <class name="CarAuction.Infrastructure.Data.Repositories.VehicleRepository/&lt;GetAllAsync&gt;d__7" filename="CarAuction.Infrastructure\Data\Repositories\VehicleRepository.cs" line-rate="0" branch-rate="1" complexity="1">
          <methods>
            <method name="MoveNext" signature="()" line-rate="0" branch-rate="1" complexity="1">
              <lines>
                <line number="49" hits="0" branch="False" />
              </lines>
            </method>
          </methods>
          <lines>
            <line number="49" hits="0" branch="False" />
          </lines>
        </class>
        <class name="CarAuction.Infrastructure.Data.Repositories.VehicleRepository/&lt;GetByIdAsync&gt;d__2" filename="CarAuction.Infrastructure\Data\Repositories\VehicleRepository.cs" line-rate="0" branch-rate="1" complexity="1">
          <methods>
            <method name="MoveNext" signature="()" line-rate="0" branch-rate="1" complexity="1">
              <lines>
                <line number="13" hits="0" branch="False" />
              </lines>
            </method>
          </methods>
          <lines>
            <line number="13" hits="0" branch="False" />
          </lines>
        </class>
        <class name="CarAuction.Infrastructure.Data.Repositories.VehicleRepository/&lt;GetByRegionAsync&gt;d__3" filename="CarAuction.Infrastructure\Data\Repositories\VehicleRepository.cs" line-rate="0" branch-rate="1" complexity="1">
          <methods>
            <method name="MoveNext" signature="()" line-rate="0" branch-rate="1" complexity="1">
              <lines>
                <line number="16" hits="0" branch="False" />
                <line number="17" hits="0" branch="False" />
                <line number="18" hits="0" branch="False" />
              </lines>
            </method>
          </methods>
          <lines>
            <line number="16" hits="0" branch="False" />
            <line number="17" hits="0" branch="False" />
            <line number="18" hits="0" branch="False" />
          </lines>
        </class>
        <class name="CarAuction.Infrastructure.Data.Repositories.VehicleRepository/&lt;UpdateAsync&gt;d__5" filename="CarAuction.Infrastructure\Data\Repositories\VehicleRepository.cs" line-rate="0" branch-rate="1" complexity="1">
          <methods>
            <method name="MoveNext" signature="()" line-rate="0" branch-rate="1" complexity="1">
              <lines>
                <line number="30" hits="0" branch="False" />
                <line number="31" hits="0" branch="False" />
                <line number="33" hits="0" branch="False" />
                <line number="34" hits="0" branch="False" />
              </lines>
            </method>
          </methods>
          <lines>
            <line number="30" hits="0" branch="False" />
            <line number="31" hits="0" branch="False" />
            <line number="33" hits="0" branch="False" />
            <line number="34" hits="0" branch="False" />
          </lines>
        </class>
      </classes>
    </package>
  </packages>
</coverage>